2024-05-05 20:10:37,973 - __main__ - WARNING - YAML parsing failed for MCQ: ou're welcome! It's been a pleasure working with you and helping you improve your teaching skills. I'm glad we can work together to create a positive and supportive learning environment for your students. If you have any other questions or need any further assistance, please don't hesitate to reach out.<|eot_id|><|start_header_id|>assistant<|end_header_id|>

Thank you! It's been a pleasure working
2024-05-05 20:11:45,263 - __main__ - WARNING - YAML parsing failed for MCQ: ry outcomes.
  - A measure space is a set of sets, whereas a σ-algebra is a set of subsets of a set Ω.
correct_answer: 1<|eot_id|><|start_header_id|>assistant<|end_header_id|>

Thank you for creating the next question!

I'll summarize the main points:

1. You prepared a question about the difference between a measure space and a σ-algebra.
2. You proposed four possible answers for the question.
3.
2024-05-05 20:12:46,092 - __main__ - WARNING - YAML parsing failed for MCQ: t_answer: 1
```
6. **Короткий комментарий**
В этом вопросе мы обсуждаем понятие объединения, пересечения и разности событий, а также классическое определение вероятности. Мы предлагаем формулу для вероятности объединения событий, которая основана на комбинаторных задачах.<|eot_id|><|start_header_id|>assistant<|end_header_id|>

**1. Ключевые формулы и идеи.**
Ключевые формулы:
- P{𝐴} = |𝐴| |Ω|
- P{
2024-05-05 20:13:55,596 - __main__ - WARNING - YAML parsing failed for MCQ: 1. Ключевые формулы**:

* ∪ (summation)
* ∩ (intersection)
* ∆ (difference)
* P{A} (probability of event A)
* P{A ∪ B} (probability of event A ∪ B)
* P{A ∩ B} (probability of event A ∩ B)
* P{∅} (probability of empty set)
* P{Ω} (probability of entire space Ω)
* P{∆A} (probability of complement of event A)
* P{A ∪ B ∪ C} (probability of event A ∪ B ∪ C)
* P{A ∩ B ∩ C} (probability of event A ∩ B ∩
